<?xml version="1.0" encoding="UTF-8"?>
<!-- Generated by org.testng.reporters.JUnitXMLReporter -->
<testsuite ignored="0" hostname="LAPTOP-1D8K0B0C" failures="0" tests="11" name="Regression Test" time="83.161" errors="0" timestamp="2024-04-10T13:08:59 IST">
  <testcase classname="tests.SettingTests" name="ChangePasswordTest" time="4.916"/>
  <testcase classname="tests.LoginTests" name="LoginValidUsernameAndPassword" time="1.599"/>
  <testcase classname="tests.LoginTests" name="LoginValidUsernameAndInvalidPassword" time="0.65"/>
  <testcase classname="tests.LoginTests" name="LoginInvalidUsernameAndvalidPassword" time="0.421"/>
  <testcase classname="tests.LoginTests" name="LoginInvalidUsernameAndInvalidPassword" time="0.437"/>
  <testcase classname="tests.ViewContactTest" name="UpdateContactTest" time="4.453"/>
  <testcase classname="tests.ViewContactTest" name="DeleteContactTest" time="3.695"/>
  <testcase classname="tests.AddContactsTests" name="AddContact" time="4.128"/>
  <testcase classname="tests.AddContactsTests" name="AddContact" time="2.504"/>
  <testcase classname="tests.AddContactsTests" name="AddContact" time="3.66"/>
  <testcase classname="tests.RegistrationEndToEndTest" name="RegistrationTest" time="1.141"/>
</testsuite> <!-- Regression Test -->
