<?xml version="1.0" encoding="UTF-8"?>
<testng-results ignored="0" total="11" passed="10" failed="1" skipped="0">
  <reporter-output>
  </reporter-output>
  <suite started-at="2024-05-17T15:37:08 IST" name="All Module" finished-at="2024-05-17T15:38:24 IST" duration-ms="76162">
    <groups>
    </groups>
    <test started-at="2024-05-17T15:37:08 IST" name="Regression Test" finished-at="2024-05-17T15:38:24 IST" duration-ms="76162">
      <class name="tests.LoginTests">
        <test-method is-config="true" signature="launchApplication()[pri:0, instance:tests.LoginTests@533bda92]" started-at="2024-05-17T15:37:14 IST" name="launchApplication" finished-at="2024-05-17T15:37:16 IST" duration-ms="2047" status="PASS">
          <reporter-output>
          </reporter-output>
        </test-method> <!-- launchApplication -->
        <test-method signature="LoginValidUsernameAndPassword()[pri:1, instance:tests.LoginTests@533bda92]" started-at="2024-05-17T15:37:16 IST" name="LoginValidUsernameAndPassword" finished-at="2024-05-17T15:37:22 IST" duration-ms="5384" status="PASS">
          <reporter-output>
          </reporter-output>
        </test-method> <!-- LoginValidUsernameAndPassword -->
        <test-method is-config="true" signature="closebrowser()[pri:0, instance:tests.LoginTests@533bda92]" started-at="2024-05-17T15:37:22 IST" name="closebrowser" finished-at="2024-05-17T15:37:22 IST" duration-ms="82" status="PASS">
          <reporter-output>
          </reporter-output>
        </test-method> <!-- closebrowser -->
        <test-method is-config="true" signature="launchApplication()[pri:0, instance:tests.LoginTests@533bda92]" started-at="2024-05-17T15:37:22 IST" name="launchApplication" finished-at="2024-05-17T15:37:27 IST" duration-ms="5585" status="PASS">
          <reporter-output>
          </reporter-output>
        </test-method> <!-- launchApplication -->
        <test-method signature="LoginValidUsernameAndInvalidPassword()[pri:2, instance:tests.LoginTests@533bda92]" started-at="2024-05-17T15:37:27 IST" name="LoginValidUsernameAndInvalidPassword" finished-at="2024-05-17T15:37:28 IST" duration-ms="646" status="PASS">
          <reporter-output>
          </reporter-output>
        </test-method> <!-- LoginValidUsernameAndInvalidPassword -->
        <test-method is-config="true" signature="closebrowser()[pri:0, instance:tests.LoginTests@533bda92]" started-at="2024-05-17T15:37:28 IST" name="closebrowser" finished-at="2024-05-17T15:37:28 IST" duration-ms="70" status="PASS">
          <reporter-output>
          </reporter-output>
        </test-method> <!-- closebrowser -->
        <test-method is-config="true" signature="launchApplication()[pri:0, instance:tests.LoginTests@533bda92]" started-at="2024-05-17T15:37:28 IST" name="launchApplication" finished-at="2024-05-17T15:37:30 IST" duration-ms="2144" status="PASS">
          <reporter-output>
          </reporter-output>
        </test-method> <!-- launchApplication -->
        <test-method signature="LoginInvalidUsernameAndvalidPassword()[pri:3, instance:tests.LoginTests@533bda92]" started-at="2024-05-17T15:37:30 IST" name="LoginInvalidUsernameAndvalidPassword" finished-at="2024-05-17T15:37:31 IST" duration-ms="623" status="PASS">
          <reporter-output>
          </reporter-output>
        </test-method> <!-- LoginInvalidUsernameAndvalidPassword -->
        <test-method is-config="true" signature="closebrowser()[pri:0, instance:tests.LoginTests@533bda92]" started-at="2024-05-17T15:37:31 IST" name="closebrowser" finished-at="2024-05-17T15:37:31 IST" duration-ms="66" status="PASS">
          <reporter-output>
          </reporter-output>
        </test-method> <!-- closebrowser -->
        <test-method is-config="true" signature="launchApplication()[pri:0, instance:tests.LoginTests@533bda92]" started-at="2024-05-17T15:37:31 IST" name="launchApplication" finished-at="2024-05-17T15:37:33 IST" duration-ms="2313" status="PASS">
          <reporter-output>
          </reporter-output>
        </test-method> <!-- launchApplication -->
        <test-method signature="LoginInvalidUsernameAndInvalidPassword()[pri:4, instance:tests.LoginTests@533bda92]" started-at="2024-05-17T15:37:33 IST" name="LoginInvalidUsernameAndInvalidPassword" finished-at="2024-05-17T15:37:34 IST" duration-ms="671" status="PASS">
          <reporter-output>
          </reporter-output>
        </test-method> <!-- LoginInvalidUsernameAndInvalidPassword -->
        <test-method is-config="true" signature="closebrowser()[pri:0, instance:tests.LoginTests@533bda92]" started-at="2024-05-17T15:37:34 IST" name="closebrowser" finished-at="2024-05-17T15:37:34 IST" duration-ms="63" status="PASS">
          <reporter-output>
          </reporter-output>
        </test-method> <!-- closebrowser -->
      </class> <!-- tests.LoginTests -->
      <class name="tests.AddContactsTests">
        <test-method is-config="true" signature="launchApplication()[pri:0, instance:tests.AddContactsTests@6b695b06]" started-at="2024-05-17T15:37:49 IST" name="launchApplication" finished-at="2024-05-17T15:37:51 IST" duration-ms="2327" status="PASS">
          <reporter-output>
          </reporter-output>
        </test-method> <!-- launchApplication -->
        <test-method signature="AddContact(java.util.HashMap)[pri:0, instance:tests.AddContactsTests@6b695b06]" started-at="2024-05-17T15:37:51 IST" name="AddContact" data-provider="getdata" finished-at="2024-05-17T15:37:55 IST" duration-ms="3601" status="PASS">
          <params>
            <param index="0">
              <value>
                <![CDATA[{firstname=panda, phone=1234567891, work=testing, nickname=pandu, description=just testing, email=test@testing.com}]]>
              </value>
            </param>
          </params>
          <reporter-output>
          </reporter-output>
        </test-method> <!-- AddContact -->
        <test-method is-config="true" signature="closebrowser()[pri:0, instance:tests.AddContactsTests@6b695b06]" started-at="2024-05-17T15:37:55 IST" name="closebrowser" finished-at="2024-05-17T15:37:55 IST" duration-ms="86" status="PASS">
          <reporter-output>
          </reporter-output>
        </test-method> <!-- closebrowser -->
        <test-method is-config="true" signature="launchApplication()[pri:0, instance:tests.AddContactsTests@6b695b06]" started-at="2024-05-17T15:37:55 IST" name="launchApplication" finished-at="2024-05-17T15:37:57 IST" duration-ms="2124" status="PASS">
          <reporter-output>
          </reporter-output>
        </test-method> <!-- launchApplication -->
        <test-method signature="AddContact(java.util.HashMap)[pri:0, instance:tests.AddContactsTests@6b695b06]" started-at="2024-05-17T15:37:57 IST" name="AddContact" data-provider="getdata" finished-at="2024-05-17T15:38:03 IST" duration-ms="6309" status="PASS">
          <params>
            <param index="0">
              <value>
                <![CDATA[{firstname=harpic panda, phone=14567897895, work=testing, nickname=M, description=just testing, email=panda@testing.com}]]>
              </value>
            </param>
          </params>
          <reporter-output>
          </reporter-output>
        </test-method> <!-- AddContact -->
        <test-method is-config="true" signature="closebrowser()[pri:0, instance:tests.AddContactsTests@6b695b06]" started-at="2024-05-17T15:38:03 IST" name="closebrowser" finished-at="2024-05-17T15:38:04 IST" duration-ms="79" status="PASS">
          <reporter-output>
          </reporter-output>
        </test-method> <!-- closebrowser -->
        <test-method is-config="true" signature="launchApplication()[pri:0, instance:tests.AddContactsTests@6b695b06]" started-at="2024-05-17T15:38:04 IST" name="launchApplication" finished-at="2024-05-17T15:38:06 IST" duration-ms="2135" status="PASS">
          <reporter-output>
          </reporter-output>
        </test-method> <!-- launchApplication -->
        <test-method signature="AddContact(java.util.HashMap)[pri:0, instance:tests.AddContactsTests@6b695b06]" started-at="2024-05-17T15:38:06 IST" name="AddContact" data-provider="getdata" finished-at="2024-05-17T15:38:15 IST" duration-ms="9289" status="PASS">
          <params>
            <param index="0">
              <value>
                <![CDATA[{firstname=red panda, phone=000111111, work=testing, nickname=red, description=just testing, email=red@testing.com}]]>
              </value>
            </param>
          </params>
          <reporter-output>
          </reporter-output>
        </test-method> <!-- AddContact -->
        <test-method is-config="true" signature="closebrowser()[pri:0, instance:tests.AddContactsTests@6b695b06]" started-at="2024-05-17T15:38:15 IST" name="closebrowser" finished-at="2024-05-17T15:38:15 IST" duration-ms="83" status="PASS">
          <reporter-output>
          </reporter-output>
        </test-method> <!-- closebrowser -->
        <test-method is-config="true" signature="softassert()[pri:0, instance:tests.AddContactsTests@6b695b06]" started-at="2024-05-17T15:38:24 IST" name="softassert" finished-at="2024-05-17T15:38:24 IST" duration-ms="0" status="PASS">
          <reporter-output>
          </reporter-output>
        </test-method> <!-- softassert -->
      </class> <!-- tests.AddContactsTests -->
      <class name="tests.SettingTests">
        <test-method is-config="true" signature="launchApplication()[pri:0, instance:tests.SettingTests@5890e879]" started-at="2024-05-17T15:37:08 IST" name="launchApplication" finished-at="2024-05-17T15:37:11 IST" duration-ms="2987" status="PASS">
          <reporter-output>
          </reporter-output>
        </test-method> <!-- launchApplication -->
        <test-method signature="ChangePasswordTest()[pri:0, instance:tests.SettingTests@5890e879]" started-at="2024-05-17T15:37:11 IST" name="ChangePasswordTest" finished-at="2024-05-17T15:37:14 IST" duration-ms="3356" status="PASS">
          <reporter-output>
          </reporter-output>
        </test-method> <!-- ChangePasswordTest -->
        <test-method is-config="true" signature="closebrowser()[pri:0, instance:tests.SettingTests@5890e879]" started-at="2024-05-17T15:37:14 IST" name="closebrowser" finished-at="2024-05-17T15:37:14 IST" duration-ms="101" status="PASS">
          <reporter-output>
          </reporter-output>
        </test-method> <!-- closebrowser -->
      </class> <!-- tests.SettingTests -->
      <class name="tests.ViewContactTest">
        <test-method is-config="true" signature="launchApplication()[pri:0, instance:tests.ViewContactTest@536f2a7e]" started-at="2024-05-17T15:37:34 IST" name="launchApplication" finished-at="2024-05-17T15:37:37 IST" duration-ms="2793" status="PASS">
          <reporter-output>
          </reporter-output>
        </test-method> <!-- launchApplication -->
        <test-method signature="UpdateContactTest()[pri:1, instance:tests.ViewContactTest@536f2a7e]" started-at="2024-05-17T15:37:37 IST" name="UpdateContactTest" finished-at="2024-05-17T15:37:43 IST" duration-ms="5808" status="PASS">
          <reporter-output>
          </reporter-output>
        </test-method> <!-- UpdateContactTest -->
        <test-method is-config="true" signature="closebrowser()[pri:0, instance:tests.ViewContactTest@536f2a7e]" started-at="2024-05-17T15:37:43 IST" name="closebrowser" finished-at="2024-05-17T15:37:43 IST" duration-ms="73" status="PASS">
          <reporter-output>
          </reporter-output>
        </test-method> <!-- closebrowser -->
        <test-method is-config="true" signature="launchApplication()[pri:0, instance:tests.ViewContactTest@536f2a7e]" started-at="2024-05-17T15:37:43 IST" name="launchApplication" finished-at="2024-05-17T15:37:45 IST" duration-ms="2392" status="PASS">
          <reporter-output>
          </reporter-output>
        </test-method> <!-- launchApplication -->
        <test-method signature="DeleteContactTest()[pri:2, instance:tests.ViewContactTest@536f2a7e]" started-at="2024-05-17T15:37:45 IST" name="DeleteContactTest" finished-at="2024-05-17T15:37:49 IST" duration-ms="3589" status="PASS">
          <reporter-output>
          </reporter-output>
        </test-method> <!-- DeleteContactTest -->
        <test-method is-config="true" signature="closebrowser()[pri:0, instance:tests.ViewContactTest@536f2a7e]" started-at="2024-05-17T15:37:49 IST" name="closebrowser" finished-at="2024-05-17T15:37:49 IST" duration-ms="78" status="PASS">
          <reporter-output>
          </reporter-output>
        </test-method> <!-- closebrowser -->
      </class> <!-- tests.ViewContactTest -->
      <class name="tests.RegistrationEndToEndTest">
        <test-method is-config="true" signature="launchApplication()[pri:0, instance:tests.RegistrationEndToEndTest@4d1bf319]" started-at="2024-05-17T15:38:15 IST" name="launchApplication" finished-at="2024-05-17T15:38:18 IST" duration-ms="2516" status="PASS">
          <reporter-output>
          </reporter-output>
        </test-method> <!-- launchApplication -->
        <test-method signature="RegistrationTest()[pri:0, instance:tests.RegistrationEndToEndTest@4d1bf319]" started-at="2024-05-17T15:38:18 IST" name="RegistrationTest" finished-at="2024-05-17T15:38:23 IST" duration-ms="5912" status="FAIL">
          <exception class="org.openqa.selenium.NoSuchElementException">
            <message>
              <![CDATA[no such element: Unable to locate element: {"method":"css selector","selector":"div.alert-success"}
  (Session info: chrome=124.0.6367.207)
For documentation on this error, please visit: https://www.selenium.dev/documentation/webdriver/troubleshooting/errors#no-such-element-exception
Build info: version: '4.17.0', revision: 'e52b1be057*'
System info: os.name: 'Windows 10', os.arch: 'amd64', os.version: '10.0', java.version: '17.0.1'
Driver info: org.openqa.selenium.chrome.ChromeDriver
Command: [1cb8c51311f8d75d5312b25456bf6817, findElement {value=div.alert-success, using=css selector}]
Capabilities {acceptInsecureCerts: false, browserName: chrome, browserVersion: 124.0.6367.207, chrome: {chromedriverVersion: 124.0.6367.207 (a9001a6e39f..., userDataDir: C:\Users\ASHOK\AppData\Loca...}, fedcm:accounts: true, goog:chromeOptions: {debuggerAddress: localhost:55470}, networkConnectionEnabled: false, pageLoadStrategy: normal, platformName: windows, proxy: Proxy(), se:cdp: ws://localhost:55470/devtoo..., se:cdpVersion: 124.0.6367.207, setWindowRect: true, strictFileInteractability: false, timeouts: {implicit: 0, pageLoad: 300000, script: 30000}, unhandledPromptBehavior: dismiss and notify, webauthn:extension:credBlob: true, webauthn:extension:largeBlob: true, webauthn:extension:minPinLength: true, webauthn:extension:prf: true, webauthn:virtualAuthenticators: true}
Session ID: 1cb8c51311f8d75d5312b25456bf6817]]>
            </message>
            <full-stacktrace>
              <![CDATA[org.openqa.selenium.NoSuchElementException: no such element: Unable to locate element: {"method":"css selector","selector":"div.alert-success"}
  (Session info: chrome=124.0.6367.207)
For documentation on this error, please visit: https://www.selenium.dev/documentation/webdriver/troubleshooting/errors#no-such-element-exception
Build info: version: '4.17.0', revision: 'e52b1be057*'
System info: os.name: 'Windows 10', os.arch: 'amd64', os.version: '10.0', java.version: '17.0.1'
Driver info: org.openqa.selenium.chrome.ChromeDriver
Command: [1cb8c51311f8d75d5312b25456bf6817, findElement {value=div.alert-success, using=css selector}]
Capabilities {acceptInsecureCerts: false, browserName: chrome, browserVersion: 124.0.6367.207, chrome: {chromedriverVersion: 124.0.6367.207 (a9001a6e39f..., userDataDir: C:\Users\ASHOK\AppData\Loca...}, fedcm:accounts: true, goog:chromeOptions: {debuggerAddress: localhost:55470}, networkConnectionEnabled: false, pageLoadStrategy: normal, platformName: windows, proxy: Proxy(), se:cdp: ws://localhost:55470/devtoo..., se:cdpVersion: 124.0.6367.207, setWindowRect: true, strictFileInteractability: false, timeouts: {implicit: 0, pageLoad: 300000, script: 30000}, unhandledPromptBehavior: dismiss and notify, webauthn:extension:credBlob: true, webauthn:extension:largeBlob: true, webauthn:extension:minPinLength: true, webauthn:extension:prf: true, webauthn:virtualAuthenticators: true}
Session ID: 1cb8c51311f8d75d5312b25456bf6817
at java.base/jdk.internal.reflect.NativeConstructorAccessorImpl.newInstance0(Native Method)
at java.base/jdk.internal.reflect.NativeConstructorAccessorImpl.newInstance(NativeConstructorAccessorImpl.java:77)
at java.base/jdk.internal.reflect.DelegatingConstructorAccessorImpl.newInstance(DelegatingConstructorAccessorImpl.java:45)
at java.base/java.lang.reflect.Constructor.newInstanceWithCaller(Constructor.java:499)
at java.base/java.lang.reflect.Constructor.newInstance(Constructor.java:480)
at org.openqa.selenium.remote.codec.w3c.W3CHttpResponseCodec.createException(W3CHttpResponseCodec.java:185)
at org.openqa.selenium.remote.codec.w3c.W3CHttpResponseCodec.decode(W3CHttpResponseCodec.java:134)
at org.openqa.selenium.remote.codec.w3c.W3CHttpResponseCodec.decode(W3CHttpResponseCodec.java:51)
at org.openqa.selenium.remote.HttpCommandExecutor.execute(HttpCommandExecutor.java:190)
at org.openqa.selenium.remote.service.DriverCommandExecutor.invokeExecute(DriverCommandExecutor.java:216)
at org.openqa.selenium.remote.service.DriverCommandExecutor.execute(DriverCommandExecutor.java:174)
at org.openqa.selenium.remote.RemoteWebDriver.execute(RemoteWebDriver.java:519)
at org.openqa.selenium.remote.ElementLocation$ElementFinder$2.findElement(ElementLocation.java:165)
at org.openqa.selenium.remote.ElementLocation.findElement(ElementLocation.java:59)
at org.openqa.selenium.remote.RemoteWebDriver.findElement(RemoteWebDriver.java:356)
at org.openqa.selenium.remote.RemoteWebDriver.findElement(RemoteWebDriver.java:350)
at org.openqa.selenium.support.pagefactory.DefaultElementLocator.findElement(DefaultElementLocator.java:68)
at org.openqa.selenium.support.pagefactory.internal.LocatingElementHandler.invoke(LocatingElementHandler.java:38)
at jdk.proxy2/jdk.proxy2.$Proxy13.getText(Unknown Source)
at pageObjects.RegistrationPage.GetMsg(RegistrationPage.java:83)
at tests.RegistrationEndToEndTest.RegistrationTest(RegistrationEndToEndTest.java:37)
at java.base/jdk.internal.reflect.NativeMethodAccessorImpl.invoke0(Native Method)
at java.base/jdk.internal.reflect.NativeMethodAccessorImpl.invoke(NativeMethodAccessorImpl.java:77)
at java.base/jdk.internal.reflect.DelegatingMethodAccessorImpl.invoke(DelegatingMethodAccessorImpl.java:43)
at java.base/java.lang.reflect.Method.invoke(Method.java:568)
at org.testng.internal.invokers.MethodInvocationHelper.invokeMethod(MethodInvocationHelper.java:139)
at org.testng.internal.invokers.TestInvoker.invokeMethod(TestInvoker.java:664)
at org.testng.internal.invokers.TestInvoker.invokeTestMethod(TestInvoker.java:228)
at org.testng.internal.invokers.MethodRunner.runInSequence(MethodRunner.java:63)
at org.testng.internal.invokers.TestInvoker$MethodInvocationAgent.invoke(TestInvoker.java:961)
at org.testng.internal.invokers.TestInvoker.invokeTestMethods(TestInvoker.java:201)
at org.testng.internal.invokers.TestMethodWorker.invokeTestMethods(TestMethodWorker.java:148)
at org.testng.internal.invokers.TestMethodWorker.run(TestMethodWorker.java:128)
at java.base/java.util.ArrayList.forEach(ArrayList.java:1511)
at org.testng.TestRunner.privateRun(TestRunner.java:819)
at org.testng.TestRunner.run(TestRunner.java:619)
at org.testng.SuiteRunner.runTest(SuiteRunner.java:443)
at org.testng.SuiteRunner.runSequentially(SuiteRunner.java:437)
at org.testng.SuiteRunner.privateRun(SuiteRunner.java:397)
at org.testng.SuiteRunner.run(SuiteRunner.java:336)
at org.testng.SuiteRunnerWorker.runSuite(SuiteRunnerWorker.java:52)
at org.testng.SuiteRunnerWorker.run(SuiteRunnerWorker.java:95)
at org.testng.TestNG.runSuitesSequentially(TestNG.java:1301)
at org.testng.TestNG.runSuitesLocally(TestNG.java:1228)
at org.testng.TestNG.runSuites(TestNG.java:1134)
at org.testng.TestNG.run(TestNG.java:1101)
at org.apache.maven.surefire.testng.TestNGExecutor.run(TestNGExecutor.java:308)
at org.apache.maven.surefire.testng.TestNGXmlTestSuite.execute(TestNGXmlTestSuite.java:71)
at org.apache.maven.surefire.testng.TestNGProvider.invoke(TestNGProvider.java:113)
at org.apache.maven.surefire.booter.ForkedBooter.runSuitesInProcess(ForkedBooter.java:385)
at org.apache.maven.surefire.booter.ForkedBooter.execute(ForkedBooter.java:162)
at org.apache.maven.surefire.booter.ForkedBooter.run(ForkedBooter.java:507)
at org.apache.maven.surefire.booter.ForkedBooter.main(ForkedBooter.java:495)
]]>
            </full-stacktrace>
          </exception> <!-- org.openqa.selenium.NoSuchElementException -->
          <reporter-output>
          </reporter-output>
        </test-method> <!-- RegistrationTest -->
        <test-method is-config="true" signature="closebrowser()[pri:0, instance:tests.RegistrationEndToEndTest@4d1bf319]" started-at="2024-05-17T15:38:24 IST" name="closebrowser" finished-at="2024-05-17T15:38:24 IST" duration-ms="79" status="PASS">
          <reporter-output>
          </reporter-output>
        </test-method> <!-- closebrowser -->
      </class> <!-- tests.RegistrationEndToEndTest -->
    </test> <!-- Regression Test -->
  </suite> <!-- All Module -->
</testng-results>
